Using pre-set license
Built from '2021.3/staging' branch; Version is '2021.3.8f1 (b30333d56e81) revision 11731763'; Using compiler version '192829333'; Build Type 'Release'
OS: 'Windows 11  (10.0.22621) 64bit CoreSingleLanguage' Language: 'en' Physical Memory: 15724 MB
BatchMode: 1, IsHumanControllingUs: 0, StartBugReporterOnCrash: 0, Is64bit: 1, IsPro: 1

COMMAND LINE ARGUMENTS:
C:\Program Files\Unity\Hub\Editor\2021.3.8f1\Editor\Unity.exe
-adb2
-batchMode
-noUpm
-name
AssetImportWorker0
-projectPath
C:/Users/Andreas Bayu P/Downloads/Udemy Racer
-logFile
Logs/AssetImportWorker0.log
-srvPort
61575
Successfully changed project path to: C:/Users/Andreas Bayu P/Downloads/Udemy Racer
C:/Users/Andreas Bayu P/Downloads/Udemy Racer
[UnityMemory] Configuration Parameters - Can be set up in boot.config
    "memorysetup-bucket-allocator-granularity=16"
    "memorysetup-bucket-allocator-bucket-count=8"
    "memorysetup-bucket-allocator-block-size=33554432"
    "memorysetup-bucket-allocator-block-count=8"
    "memorysetup-main-allocator-block-size=16777216"
    "memorysetup-thread-allocator-block-size=16777216"
    "memorysetup-gfx-main-allocator-block-size=16777216"
    "memorysetup-gfx-thread-allocator-block-size=16777216"
    "memorysetup-cache-allocator-block-size=4194304"
    "memorysetup-typetree-allocator-block-size=2097152"
    "memorysetup-profiler-bucket-allocator-granularity=16"
    "memorysetup-profiler-bucket-allocator-bucket-count=8"
    "memorysetup-profiler-bucket-allocator-block-size=33554432"
    "memorysetup-profiler-bucket-allocator-block-count=8"
    "memorysetup-profiler-allocator-block-size=16777216"
    "memorysetup-profiler-editor-allocator-block-size=1048576"
    "memorysetup-temp-allocator-size-main=16777216"
    "memorysetup-job-temp-allocator-block-size=2097152"
    "memorysetup-job-temp-allocator-block-size-background=1048576"
    "memorysetup-job-temp-allocator-reduction-small-platforms=262144"
    "memorysetup-temp-allocator-size-background-worker=32768"
    "memorysetup-temp-allocator-size-job-worker=262144"
    "memorysetup-temp-allocator-size-preload-manager=33554432"
    "memorysetup-temp-allocator-size-nav-mesh-worker=65536"
    "memorysetup-temp-allocator-size-audio-worker=65536"
    "memorysetup-temp-allocator-size-cloud-worker=32768"
    "memorysetup-temp-allocator-size-gi-baking-worker=262144"
    "memorysetup-temp-allocator-size-gfx=262144"
Refreshing native plugins compatible for Editor in 33.37 ms, found 2 plugins.
Preloading 0 native plugins for Editor in 0.00 ms.
Initialize engine version: 2021.3.8f1 (b30333d56e81)
[Subsystems] Discovering subsystems at path C:/Program Files/Unity/Hub/Editor/2021.3.8f1/Editor/Data/Resources/UnitySubsystems
[Subsystems] Discovering subsystems at path C:/Users/Andreas Bayu P/Downloads/Udemy Racer/Assets
GfxDevice: creating device client; threaded=0; jobified=0
Direct3D:
    Version:  Direct3D 11.0 [level 11.1]
    Renderer: NVIDIA GeForce RTX 3050 Laptop GPU (ID=0x25a2)
    Vendor:   NVIDIA
    VRAM:     3979 MB
    Driver:   31.0.15.2756
Initialize mono
Mono path[0] = 'C:/Program Files/Unity/Hub/Editor/2021.3.8f1/Editor/Data/Managed'
Mono path[1] = 'C:/Program Files/Unity/Hub/Editor/2021.3.8f1/Editor/Data/MonoBleedingEdge/lib/mono/unityjit-win32'
Mono config path = 'C:/Program Files/Unity/Hub/Editor/2021.3.8f1/Editor/Data/MonoBleedingEdge/etc'
Using monoOptions --debugger-agent=transport=dt_socket,embedding=1,server=y,suspend=n,address=127.0.0.1:56396
Begin MonoManager ReloadAssembly
Registering precompiled unity dll's ...
Register platform support module: C:/Program Files/Unity/Hub/Editor/2021.3.8f1/Editor/Data/PlaybackEngines/WindowsStandaloneSupport/UnityEditor.WindowsStandalone.Extensions.dll
Registered in 0.003141 seconds.
Native extension for WindowsStandalone target not found
Refreshing native plugins compatible for Editor in 28.59 ms, found 2 plugins.
Preloading 0 native plugins for Editor in 0.00 ms.
Mono: successfully reloaded assembly
- Completed reload, in  0.473 seconds
Domain Reload Profiling:
	ReloadAssembly (474ms)
		BeginReloadAssembly (59ms)
			ExecutionOrderSort (0ms)
			DisableScriptedObjects (0ms)
			BackupInstance (0ms)
			ReleaseScriptingObjects (0ms)
			CreateAndSetChildDomain (1ms)
		EndReloadAssembly (325ms)
			LoadAssemblies (57ms)
			RebuildTransferFunctionScriptingTraits (0ms)
			SetupTypeCache (83ms)
			ReleaseScriptCaches (0ms)
			RebuildScriptCaches (22ms)
			SetupLoadedEditorAssemblies (179ms)
				LogAssemblyErrors (0ms)
				InitializePlatformSupportModulesInManaged (6ms)
				SetLoadedEditorAssemblies (0ms)
				RefreshPlugins (29ms)
				BeforeProcessingInitializeOnLoad (1ms)
				ProcessInitializeOnLoadAttributes (104ms)
				ProcessInitializeOnLoadMethodAttributes (38ms)
				AfterProcessingInitializeOnLoad (0ms)
				EditorAssembliesLoaded (0ms)
			ExecutionOrderSort2 (0ms)
			AwakeInstancesAfterBackupRestoration (0ms)
Platform modules already initialized, skipping
Registering precompiled user dll's ...
Registered in 0.002298 seconds.
Begin MonoManager ReloadAssembly
Native extension for WindowsStandalone target not found
Refreshing native plugins compatible for Editor in 0.54 ms, found 2 plugins.
Preloading 0 native plugins for Editor in 0.00 ms.
Mono: successfully reloaded assembly
- Completed reload, in  0.887 seconds
Domain Reload Profiling:
	ReloadAssembly (889ms)
		BeginReloadAssembly (97ms)
			ExecutionOrderSort (0ms)
			DisableScriptedObjects (6ms)
			BackupInstance (0ms)
			ReleaseScriptingObjects (0ms)
			CreateAndSetChildDomain (20ms)
		EndReloadAssembly (699ms)
			LoadAssemblies (58ms)
			RebuildTransferFunctionScriptingTraits (0ms)
			SetupTypeCache (213ms)
			ReleaseScriptCaches (1ms)
			RebuildScriptCaches (65ms)
			SetupLoadedEditorAssemblies (310ms)
				LogAssemblyErrors (0ms)
				InitializePlatformSupportModulesInManaged (5ms)
				SetLoadedEditorAssemblies (0ms)
				RefreshPlugins (1ms)
				BeforeProcessingInitializeOnLoad (45ms)
				ProcessInitializeOnLoadAttributes (214ms)
				ProcessInitializeOnLoadMethodAttributes (41ms)
				AfterProcessingInitializeOnLoad (4ms)
				EditorAssembliesLoaded (0ms)
			ExecutionOrderSort2 (0ms)
			AwakeInstancesAfterBackupRestoration (6ms)
Platform modules already initialized, skipping
========================================================================
Worker process is ready to serve import requests
Launched and connected shader compiler UnityShaderCompiler.exe after 0.05 seconds
Refreshing native plugins compatible for Editor in 0.64 ms, found 2 plugins.
Preloading 0 native plugins for Editor in 0.00 ms.
Unloading 1866 Unused Serialized files (Serialized files now loaded: 0)
Unloading 33 unused Assets / (128.9 KB). Loaded Objects now: 2332.
Memory consumption went from 152.9 MB to 152.8 MB.
Total: 5.087300 ms (FindLiveObjects: 0.301800 ms CreateObjectMapping: 0.158400 ms MarkObjects: 4.320000 ms  DeleteObjects: 0.305500 ms)

AssetImportParameters requested are different than current active one (requested -> active):
  custom:video-decoder-ogg-theora: a1e56fd34408186e4bbccfd4996cb3dc -> 
  custom:container-muxer-webm: aa71ff27fc2769a1b78a27578f13a17b -> 
  custom:container-demuxer-webm: 4f35f7cbe854078d1ac9338744f61a02 -> 
  custom:video-encoder-webm-vp8: eb34c28f22e8b96e1ab97ce403110664 -> 
  custom:video-codec-MediaFoundation-h265: 746d11721c4dcdbdad8f713fa42b33f4 -> 
  custom:audio-encoder-webm-vorbis: bf7c407c2cedff20999df2af8eb42d56 -> 
  custom:framework-win-MediaFoundation: 216162199b28c13a410421893ffa2e32 -> 
  custom:container-demuxer-ogg: 62fdf1f143b41e24485cea50d1cbac27 -> 
  custom:video-decoder-webm-vp8: 9c59270c3fd7afecdb556c50c9e8de78 -> 
  custom:audio-decoder-ogg-vorbis: bf7c407c2cedff20999df2af8eb42d56 -> 
========================================================================
Received Import Request.
  Time since last request: 597572.858499 seconds.
  path: Assets/Scenes
  artifactKey: Guid(0c35abc3eaaaf9042bfbfb842bfc7b6e) Importer(815301076,1909f56bfc062723c751e8b465ee728b)
Start importing Assets/Scenes using Guid(0c35abc3eaaaf9042bfbfb842bfc7b6e) Importer(815301076,1909f56bfc062723c751e8b465ee728b)  -> (artifact id: '6a229980810c238737b517441f5ab09e') in 0.005705 seconds 
========================================================================
Received Import Request.
  Time since last request: 8.048607 seconds.
  path: Assets/Scenes/SampleScene.unity
  artifactKey: Guid(9fc0d4010bbf28b4594072e72b8655ab) Importer(815301076,1909f56bfc062723c751e8b465ee728b)
Start importing Assets/Scenes/SampleScene.unity using Guid(9fc0d4010bbf28b4594072e72b8655ab) Importer(815301076,1909f56bfc062723c751e8b465ee728b)  -> (artifact id: '31ab6133b97ebd715028961ce3cafa71') in 0.001915 seconds 
========================================================================
Received Prepare
Registering precompiled user dll's ...
Registered in 0.002164 seconds.
Begin MonoManager ReloadAssembly
Native extension for WindowsStandalone target not found
Refreshing native plugins compatible for Editor in 0.55 ms, found 2 plugins.
Preloading 0 native plugins for Editor in 0.00 ms.
Mono: successfully reloaded assembly
- Completed reload, in  0.795 seconds
Domain Reload Profiling:
	ReloadAssembly (796ms)
		BeginReloadAssembly (117ms)
			ExecutionOrderSort (0ms)
			DisableScriptedObjects (4ms)
			BackupInstance (0ms)
			ReleaseScriptingObjects (0ms)
			CreateAndSetChildDomain (38ms)
		EndReloadAssembly (603ms)
			LoadAssemblies (55ms)
			RebuildTransferFunctionScriptingTraits (0ms)
			SetupTypeCache (153ms)
			ReleaseScriptCaches (2ms)
			RebuildScriptCaches (41ms)
			SetupLoadedEditorAssemblies (314ms)
				LogAssemblyErrors (0ms)
				InitializePlatformSupportModulesInManaged (12ms)
				SetLoadedEditorAssemblies (0ms)
				RefreshPlugins (1ms)
				BeforeProcessingInitializeOnLoad (47ms)
				ProcessInitializeOnLoadAttributes (211ms)
				ProcessInitializeOnLoadMethodAttributes (37ms)
				AfterProcessingInitializeOnLoad (5ms)
				EditorAssembliesLoaded (0ms)
			ExecutionOrderSort2 (0ms)
			AwakeInstancesAfterBackupRestoration (5ms)
Platform modules already initialized, skipping
Refreshing native plugins compatible for Editor in 1.53 ms, found 2 plugins.
Preloading 0 native plugins for Editor in 0.00 ms.
Unloading 1850 Unused Serialized files (Serialized files now loaded: 0)
Unloading 14 unused Assets / (102.4 KB). Loaded Objects now: 2335.
Memory consumption went from 151.6 MB to 151.5 MB.
Total: 3.080800 ms (FindLiveObjects: 0.157600 ms CreateObjectMapping: 0.076000 ms MarkObjects: 2.802400 ms  DeleteObjects: 0.043800 ms)

AssetImportParameters requested are different than current active one (requested -> active):
  custom:video-decoder-ogg-theora: a1e56fd34408186e4bbccfd4996cb3dc -> 
  custom:container-muxer-webm: aa71ff27fc2769a1b78a27578f13a17b -> 
  custom:container-demuxer-webm: 4f35f7cbe854078d1ac9338744f61a02 -> 
  custom:video-encoder-webm-vp8: eb34c28f22e8b96e1ab97ce403110664 -> 
  custom:video-codec-MediaFoundation-h265: 746d11721c4dcdbdad8f713fa42b33f4 -> 
  custom:audio-encoder-webm-vorbis: bf7c407c2cedff20999df2af8eb42d56 -> 
  custom:framework-win-MediaFoundation: 216162199b28c13a410421893ffa2e32 -> 
  custom:container-demuxer-ogg: 62fdf1f143b41e24485cea50d1cbac27 -> 
  custom:video-decoder-webm-vp8: 9c59270c3fd7afecdb556c50c9e8de78 -> 
  custom:audio-decoder-ogg-vorbis: bf7c407c2cedff20999df2af8eb42d56 -> 
========================================================================
Received Import Request.
  Time since last request: 87.594616 seconds.
  path: Assets/Prefabs
  artifactKey: Guid(1406d2c4bf5874e4fa60c29145b73610) Importer(815301076,1909f56bfc062723c751e8b465ee728b)
Start importing Assets/Prefabs using Guid(1406d2c4bf5874e4fa60c29145b73610) Importer(815301076,1909f56bfc062723c751e8b465ee728b)  -> (artifact id: '941f402dc91802c6e4e232aa1a1e9d12') in 0.016508 seconds 
========================================================================
Received Import Request.
  Time since last request: 0.154343 seconds.
  path: Assets/Prefabs/Race Info Manager.prefab
  artifactKey: Guid(7284f26bb333a3a4a8ecb39c3c9078aa) Importer(815301076,1909f56bfc062723c751e8b465ee728b)
Start importing Assets/Prefabs/Race Info Manager.prefab using Guid(7284f26bb333a3a4a8ecb39c3c9078aa) Importer(815301076,1909f56bfc062723c751e8b465ee728b)  -> (artifact id: '664754fd8a30e2f1834726710d1c77b5') in 0.054129 seconds 
========================================================================
Received Import Request.
  Time since last request: 2.650821 seconds.
  path: Assets/Prefabs/Cars/tractor Variant.prefab
  artifactKey: Guid(43b843faf55ad5e49b7b6ffdde1c7b0b) Importer(815301076,1909f56bfc062723c751e8b465ee728b)
Start importing Assets/Prefabs/Cars/tractor Variant.prefab using Guid(43b843faf55ad5e49b7b6ffdde1c7b0b) Importer(815301076,1909f56bfc062723c751e8b465ee728b)  -> (artifact id: '980b9d6e52e66c4e3b9f595a127ab87e') in 0.110557 seconds 
========================================================================
Received Import Request.
  Time since last request: 0.000024 seconds.
  path: Assets/Prefabs/Cars/Van Variant.prefab
  artifactKey: Guid(fde38b65651f8d349b54f33f4c63edfb) Importer(815301076,1909f56bfc062723c751e8b465ee728b)
Start importing Assets/Prefabs/Cars/Van Variant.prefab using Guid(fde38b65651f8d349b54f33f4c63edfb) Importer(815301076,1909f56bfc062723c751e8b465ee728b)  -> (artifact id: '0223fae30e30a3ce343c247c3ae016e7') in 0.023382 seconds 
========================================================================
Received Import Request.
  Time since last request: 315.888675 seconds.
  path: Assets/_Udemy Racer Assets/Models
  artifactKey: Guid(c8615031de33cb84f8120343e2a4b9b1) Importer(815301076,1909f56bfc062723c751e8b465ee728b)
Start importing Assets/_Udemy Racer Assets/Models using Guid(c8615031de33cb84f8120343e2a4b9b1) Importer(815301076,1909f56bfc062723c751e8b465ee728b)  -> (artifact id: '7bc5764e383d3119779ced1ab0946988') in 0.001497 seconds 
========================================================================
Received Import Request.
  Time since last request: 0.237225 seconds.
  path: Assets/_Udemy Racer Assets/Models/dust_particle.fbx
  artifactKey: Guid(4032b2da9d785914789f4dd607736757) Importer(815301076,1909f56bfc062723c751e8b465ee728b)
Start importing Assets/_Udemy Racer Assets/Models/dust_particle.fbx using Guid(4032b2da9d785914789f4dd607736757) Importer(815301076,1909f56bfc062723c751e8b465ee728b)  -> (artifact id: 'c0e64b78e572558bfdfbe94830719d2f') in 0.048935 seconds 
========================================================================
Received Import Request.
  Time since last request: 0.888432 seconds.
  path: Assets/_Udemy Racer Assets/Models/Kenney
  artifactKey: Guid(b0c8e1309e85dbb4ea73b1a2af36a449) Importer(815301076,1909f56bfc062723c751e8b465ee728b)
Start importing Assets/_Udemy Racer Assets/Models/Kenney using Guid(b0c8e1309e85dbb4ea73b1a2af36a449) Importer(815301076,1909f56bfc062723c751e8b465ee728b)  -> (artifact id: 'e86ee2d361f5ab50682a98e81ddf72e1') in 0.001698 seconds 
========================================================================
Received Import Request.
  Time since last request: 1.555771 seconds.
  path: Assets/_Udemy Racer Assets/Models/Kenney/Racing Kit
  artifactKey: Guid(524acd5a5ba1031488c5bd877d7bc88f) Importer(815301076,1909f56bfc062723c751e8b465ee728b)
Start importing Assets/_Udemy Racer Assets/Models/Kenney/Racing Kit using Guid(524acd5a5ba1031488c5bd877d7bc88f) Importer(815301076,1909f56bfc062723c751e8b465ee728b)  -> (artifact id: '0497ff2dd8c49bf45bd6b3f8f4cf23d8') in 0.002029 seconds 
========================================================================
Received Import Request.
  Time since last request: 0.160646 seconds.
  path: Assets/_Udemy Racer Assets/Models/Kenney/Racing Kit/bannerTowerGreen.fbx
  artifactKey: Guid(f3dca97a636456142a2201e74da1cd40) Importer(815301076,1909f56bfc062723c751e8b465ee728b)
Start importing Assets/_Udemy Racer Assets/Models/Kenney/Racing Kit/bannerTowerGreen.fbx using Guid(f3dca97a636456142a2201e74da1cd40) Importer(815301076,1909f56bfc062723c751e8b465ee728b)  -> (artifact id: '38f93adcf7d4ef5ce6e7f296cac6a402') in 0.039262 seconds 
========================================================================
Received Import Request.
  Time since last request: 0.000029 seconds.
  path: Assets/_Udemy Racer Assets/Models/Kenney/Racing Kit/billboardLower.fbx
  artifactKey: Guid(e0321ca701abbeb4ca3bd03de7501666) Importer(815301076,1909f56bfc062723c751e8b465ee728b)
Start importing Assets/_Udemy Racer Assets/Models/Kenney/Racing Kit/billboardLower.fbx using Guid(e0321ca701abbeb4ca3bd03de7501666) Importer(815301076,1909f56bfc062723c751e8b465ee728b)  -> (artifact id: '2b4e09af5ff4a887bb957e7c0470a7f6') in 0.047319 seconds 
========================================================================
Received Import Request.
  Time since last request: 0.000019 seconds.
  path: Assets/_Udemy Racer Assets/Models/Kenney/Racing Kit/fenceStraight.fbx
  artifactKey: Guid(5eeac2c0f2dd27b4d8faa8fd7477e3fa) Importer(815301076,1909f56bfc062723c751e8b465ee728b)
Start importing Assets/_Udemy Racer Assets/Models/Kenney/Racing Kit/fenceStraight.fbx using Guid(5eeac2c0f2dd27b4d8faa8fd7477e3fa) Importer(815301076,1909f56bfc062723c751e8b465ee728b)  -> (artifact id: 'ac2bcb584b0f868d1631aa05999cbc12') in 0.036449 seconds 
========================================================================
Received Import Request.
  Time since last request: 0.000044 seconds.
  path: Assets/_Udemy Racer Assets/Models/Kenney/Racing Kit/barrierWhite.fbx
  artifactKey: Guid(f3ef4a70b5f23304e87f07f848ae8f46) Importer(815301076,1909f56bfc062723c751e8b465ee728b)
Start importing Assets/_Udemy Racer Assets/Models/Kenney/Racing Kit/barrierWhite.fbx using Guid(f3ef4a70b5f23304e87f07f848ae8f46) Importer(815301076,1909f56bfc062723c751e8b465ee728b)  -> (artifact id: '244284ffcfd7a7b331d84533d59ded39') in 0.027579 seconds 
========================================================================
Received Import Request.
  Time since last request: 0.000026 seconds.
  path: Assets/_Udemy Racer Assets/Models/Kenney/Racing Kit/barrierRed.fbx
  artifactKey: Guid(6f8e50a9f07280a4d96fd455daf2ac11) Importer(815301076,1909f56bfc062723c751e8b465ee728b)
Start importing Assets/_Udemy Racer Assets/Models/Kenney/Racing Kit/barrierRed.fbx using Guid(6f8e50a9f07280a4d96fd455daf2ac11) Importer(815301076,1909f56bfc062723c751e8b465ee728b)  -> (artifact id: '428b08307eb6bdc1e912f3ee62b078be') in 0.022221 seconds 
========================================================================
Received Import Request.
  Time since last request: 0.000030 seconds.
  path: Assets/_Udemy Racer Assets/Models/Kenney/Racing Kit/billboard.fbx
  artifactKey: Guid(d9b03a652ace8564998c3240dc0d25b2) Importer(815301076,1909f56bfc062723c751e8b465ee728b)
Start importing Assets/_Udemy Racer Assets/Models/Kenney/Racing Kit/billboard.fbx using Guid(d9b03a652ace8564998c3240dc0d25b2) Importer(815301076,1909f56bfc062723c751e8b465ee728b)  -> (artifact id: '2dd70fd4252bb7592f035f98253fea53') in 0.078702 seconds 
========================================================================
Received Import Request.
  Time since last request: 4.028921 seconds.
  path: Assets/_Udemy Racer Assets/Models/Kenney/Racing Kit/flagCheckersSmall.fbx
  artifactKey: Guid(26a2f8d6509d74240bd328acb75851f1) Importer(815301076,1909f56bfc062723c751e8b465ee728b)
Start importing Assets/_Udemy Racer Assets/Models/Kenney/Racing Kit/flagCheckersSmall.fbx using Guid(26a2f8d6509d74240bd328acb75851f1) Importer(815301076,1909f56bfc062723c751e8b465ee728b)  -> (artifact id: '85238ea05ef727182641db4c1dc8e957') in 0.036480 seconds 
========================================================================
Received Import Request.
  Time since last request: 0.391441 seconds.
  path: Assets/_Udemy Racer Assets/Models/Kenney/Racing Kit/flagTankco.fbx
  artifactKey: Guid(efc54bc4da65e474cb89091e229ac764) Importer(815301076,1909f56bfc062723c751e8b465ee728b)
Start importing Assets/_Udemy Racer Assets/Models/Kenney/Racing Kit/flagTankco.fbx using Guid(efc54bc4da65e474cb89091e229ac764) Importer(815301076,1909f56bfc062723c751e8b465ee728b)  -> (artifact id: '5fdd4d7a66982b3851c35bfaf821a1c9') in 0.066972 seconds 
========================================================================
Received Import Request.
  Time since last request: 0.000024 seconds.
  path: Assets/_Udemy Racer Assets/Models/Kenney/Racing Kit/grandStandCovered.fbx
  artifactKey: Guid(3abb06d8fabc71f4195d9528e8cc072c) Importer(815301076,1909f56bfc062723c751e8b465ee728b)
Start importing Assets/_Udemy Racer Assets/Models/Kenney/Racing Kit/grandStandCovered.fbx using Guid(3abb06d8fabc71f4195d9528e8cc072c) Importer(815301076,1909f56bfc062723c751e8b465ee728b)  -> (artifact id: '372edc3778912fc09cd33d259c961533') in 0.064468 seconds 
========================================================================
Received Import Request.
  Time since last request: 0.000026 seconds.
  path: Assets/_Udemy Racer Assets/Models/Kenney/Racing Kit/lightColored.fbx
  artifactKey: Guid(2dbf3a36c15dad1439cb34ccc8425dbc) Importer(815301076,1909f56bfc062723c751e8b465ee728b)
Start importing Assets/_Udemy Racer Assets/Models/Kenney/Racing Kit/lightColored.fbx using Guid(2dbf3a36c15dad1439cb34ccc8425dbc) Importer(815301076,1909f56bfc062723c751e8b465ee728b)  -> (artifact id: '8fc237c15ffab16ded4d54ec66f81839') in 0.060410 seconds 
========================================================================
Received Import Request.
  Time since last request: 0.000038 seconds.
  path: Assets/_Udemy Racer Assets/Models/Kenney/Racing Kit/lightPostModern.fbx
  artifactKey: Guid(1211a04cc8da66144942fef5996f6e96) Importer(815301076,1909f56bfc062723c751e8b465ee728b)
Start importing Assets/_Udemy Racer Assets/Models/Kenney/Racing Kit/lightPostModern.fbx using Guid(1211a04cc8da66144942fef5996f6e96) Importer(815301076,1909f56bfc062723c751e8b465ee728b)  -> (artifact id: '3e49863fef83929d7ec4c56ea7fd399a') in 0.029841 seconds 
========================================================================
Received Import Request.
  Time since last request: 0.462773 seconds.
  path: Assets/_Udemy Racer Assets/Models/Kenney/Racing Kit/lightRedDouble.fbx
  artifactKey: Guid(0a14520b2d432ce48ac083f95ed3b79a) Importer(815301076,1909f56bfc062723c751e8b465ee728b)
Start importing Assets/_Udemy Racer Assets/Models/Kenney/Racing Kit/lightRedDouble.fbx using Guid(0a14520b2d432ce48ac083f95ed3b79a) Importer(815301076,1909f56bfc062723c751e8b465ee728b)  -> (artifact id: '21095a2897936e845fc40176e96fdde7') in 0.060063 seconds 
========================================================================
Received Import Request.
  Time since last request: 0.000020 seconds.
  path: Assets/_Udemy Racer Assets/Models/Kenney/Racing Kit/overheadRoundColored.fbx
  artifactKey: Guid(2e8f03cc670a9f54f9079f093e95bba4) Importer(815301076,1909f56bfc062723c751e8b465ee728b)
Start importing Assets/_Udemy Racer Assets/Models/Kenney/Racing Kit/overheadRoundColored.fbx using Guid(2e8f03cc670a9f54f9079f093e95bba4) Importer(815301076,1909f56bfc062723c751e8b465ee728b)  -> (artifact id: '2dfca81cccd9a5037dec5873c9a44f9b') in 0.026930 seconds 
========================================================================
Received Import Request.
  Time since last request: 0.453531 seconds.
  path: Assets/_Udemy Racer Assets/Models/Kenney/Racing Kit/pitsGarageClosed.fbx
  artifactKey: Guid(95544149a214af042a5de34383c8a797) Importer(815301076,1909f56bfc062723c751e8b465ee728b)
Start importing Assets/_Udemy Racer Assets/Models/Kenney/Racing Kit/pitsGarageClosed.fbx using Guid(95544149a214af042a5de34383c8a797) Importer(815301076,1909f56bfc062723c751e8b465ee728b)  -> (artifact id: '4e5542536868032e4dce030f3411c3a5') in 0.059387 seconds 
========================================================================
Received Import Request.
  Time since last request: 0.000021 seconds.
  path: Assets/_Udemy Racer Assets/Models/Kenney/Racing Kit/pitsOfficeRoof.fbx
  artifactKey: Guid(b7766538220074d4db3df608b58323f3) Importer(815301076,1909f56bfc062723c751e8b465ee728b)
Start importing Assets/_Udemy Racer Assets/Models/Kenney/Racing Kit/pitsOfficeRoof.fbx using Guid(b7766538220074d4db3df608b58323f3) Importer(815301076,1909f56bfc062723c751e8b465ee728b)  -> (artifact id: '61510900d23419629c6149806377fb76') in 0.043652 seconds 
========================================================================
Received Import Request.
  Time since last request: 0.050083 seconds.
  path: Assets/_Udemy Racer Assets/Models/Kenney/Racing Kit/raceCarGreen.fbx
  artifactKey: Guid(c0e33cf5869278b4d87aacc9e1928db3) Importer(815301076,1909f56bfc062723c751e8b465ee728b)
Start importing Assets/_Udemy Racer Assets/Models/Kenney/Racing Kit/raceCarGreen.fbx using Guid(c0e33cf5869278b4d87aacc9e1928db3) Importer(815301076,1909f56bfc062723c751e8b465ee728b)  -> (artifact id: 'f1bd429932dcf1f4fc639dec5dd9a1b9') in 0.116539 seconds 
========================================================================
Received Import Request.
  Time since last request: 0.000029 seconds.
  path: Assets/_Udemy Racer Assets/Models/Kenney/Racing Kit/radarEquipment.fbx
  artifactKey: Guid(adc5d2bc803d6504fbe5b8b5e7d8d324) Importer(815301076,1909f56bfc062723c751e8b465ee728b)
Start importing Assets/_Udemy Racer Assets/Models/Kenney/Racing Kit/radarEquipment.fbx using Guid(adc5d2bc803d6504fbe5b8b5e7d8d324) Importer(815301076,1909f56bfc062723c751e8b465ee728b)  -> (artifact id: 'f38bb6a12f8c7fcab1a7369095162577') in 0.032103 seconds 
========================================================================
Received Import Request.
  Time since last request: 0.560150 seconds.
  path: Assets/_Udemy Racer Assets/Models/Kenney/Racing Kit/railDouble.fbx
  artifactKey: Guid(8b656a2da56676646a4d26877e94f5f6) Importer(815301076,1909f56bfc062723c751e8b465ee728b)
Start importing Assets/_Udemy Racer Assets/Models/Kenney/Racing Kit/railDouble.fbx using Guid(8b656a2da56676646a4d26877e94f5f6) Importer(815301076,1909f56bfc062723c751e8b465ee728b)  -> (artifact id: '3750c694ed993f0e4e82cce5bced4fc3') in 0.029311 seconds 
========================================================================
Received Import Request.
  Time since last request: 1.442695 seconds.
  path: Assets/_Udemy Racer Assets/Models/Kenney/Racing Kit/roadCornerBridgeLarge.fbx
  artifactKey: Guid(ee77f478b3bfcd64c8d60cbe2a56b4d9) Importer(815301076,1909f56bfc062723c751e8b465ee728b)
Start importing Assets/_Udemy Racer Assets/Models/Kenney/Racing Kit/roadCornerBridgeLarge.fbx using Guid(ee77f478b3bfcd64c8d60cbe2a56b4d9) Importer(815301076,1909f56bfc062723c751e8b465ee728b)  -> (artifact id: '02d261676d01c46fd0aface13603e3bb') in 0.052602 seconds 
========================================================================
Received Import Request.
  Time since last request: 2.315266 seconds.
  path: Assets/_Udemy Racer Assets/Models/Kenney/Racing Kit/roadCornerLarge.fbx
  artifactKey: Guid(746289b5772aae847adafd0cb92a5906) Importer(815301076,1909f56bfc062723c751e8b465ee728b)
Start importing Assets/_Udemy Racer Assets/Models/Kenney/Racing Kit/roadCornerLarge.fbx using Guid(746289b5772aae847adafd0cb92a5906) Importer(815301076,1909f56bfc062723c751e8b465ee728b)  -> (artifact id: '429045e268a582a7252c2c76c6dc1cb5') in 0.041924 seconds 
========================================================================
Received Import Request.
  Time since last request: 0.553443 seconds.
  path: Assets/_Udemy Racer Assets/Models/Kenney/Racing Kit/roadCornerLarger.fbx
  artifactKey: Guid(a5dda521e4327cf4f838ecf5ebe6c467) Importer(815301076,1909f56bfc062723c751e8b465ee728b)
Start importing Assets/_Udemy Racer Assets/Models/Kenney/Racing Kit/roadCornerLarger.fbx using Guid(a5dda521e4327cf4f838ecf5ebe6c467) Importer(815301076,1909f56bfc062723c751e8b465ee728b)  -> (artifact id: 'ce65b92a2a2dffefbac8df7af55caa4f') in 0.040833 seconds 
========================================================================
Received Import Request.
  Time since last request: 0.097978 seconds.
  path: Assets/_Udemy Racer Assets/Models/Kenney/Racing Kit/roadCornerLargerSand.fbx
  artifactKey: Guid(02056003caf8b5642835b89e4ca0d292) Importer(815301076,1909f56bfc062723c751e8b465ee728b)
Start importing Assets/_Udemy Racer Assets/Models/Kenney/Racing Kit/roadCornerLargerSand.fbx using Guid(02056003caf8b5642835b89e4ca0d292) Importer(815301076,1909f56bfc062723c751e8b465ee728b)  -> (artifact id: 'dc827ef5ac400dbe2795203f49a652fe') in 0.022221 seconds 
========================================================================
Received Import Request.
  Time since last request: 0.664069 seconds.
  path: Assets/_Udemy Racer Assets/Models/Kenney/Racing Kit/roadCornerLargerWallInner.fbx
  artifactKey: Guid(3a6ae91566bc5c34096117983890efde) Importer(815301076,1909f56bfc062723c751e8b465ee728b)
Start importing Assets/_Udemy Racer Assets/Models/Kenney/Racing Kit/roadCornerLargerWallInner.fbx using Guid(3a6ae91566bc5c34096117983890efde) Importer(815301076,1909f56bfc062723c751e8b465ee728b)  -> (artifact id: '3722a1538b89bd467bac61c95c827790') in 0.035404 seconds 
========================================================================
Received Import Request.
  Time since last request: 0.397230 seconds.
  path: Assets/_Udemy Racer Assets/Models/Kenney/Racing Kit/roadCornerLargeWall.fbx
  artifactKey: Guid(d6ef0d3db6d558a44a759703095882e9) Importer(815301076,1909f56bfc062723c751e8b465ee728b)
Start importing Assets/_Udemy Racer Assets/Models/Kenney/Racing Kit/roadCornerLargeWall.fbx using Guid(d6ef0d3db6d558a44a759703095882e9) Importer(815301076,1909f56bfc062723c751e8b465ee728b)  -> (artifact id: '59781f3c1dbf095078a1856da4bd0b82') in 0.033528 seconds 
========================================================================
Received Import Request.
  Time since last request: 0.000026 seconds.
  path: Assets/_Udemy Racer Assets/Models/Kenney/Racing Kit/roadCornerSmallBorder.fbx
  artifactKey: Guid(e1de84351a89fc040bc9d68510ed05c7) Importer(815301076,1909f56bfc062723c751e8b465ee728b)
Start importing Assets/_Udemy Racer Assets/Models/Kenney/Racing Kit/roadCornerSmallBorder.fbx using Guid(e1de84351a89fc040bc9d68510ed05c7) Importer(815301076,1909f56bfc062723c751e8b465ee728b)  -> (artifact id: '188764d9cb8776797930796fd78e3476') in 0.036673 seconds 
========================================================================
Received Import Request.
  Time since last request: 0.000031 seconds.
  path: Assets/_Udemy Racer Assets/Models/Kenney/Racing Kit/roadCornerSmallWall.fbx
  artifactKey: Guid(2ba34d22018d5b14eb796def6e2c8cc9) Importer(815301076,1909f56bfc062723c751e8b465ee728b)
Start importing Assets/_Udemy Racer Assets/Models/Kenney/Racing Kit/roadCornerSmallWall.fbx using Guid(2ba34d22018d5b14eb796def6e2c8cc9) Importer(815301076,1909f56bfc062723c751e8b465ee728b)  -> (artifact id: 'ae6525f653c74f5b795655770862d4f4') in 0.035314 seconds 
========================================================================
Received Import Request.
  Time since last request: 0.285319 seconds.
  path: Assets/_Udemy Racer Assets/Models/Kenney/Racing Kit/roadCurvedSplit.fbx
  artifactKey: Guid(44dddf9060cb3b542902b62ad1aa01d2) Importer(815301076,1909f56bfc062723c751e8b465ee728b)
Start importing Assets/_Udemy Racer Assets/Models/Kenney/Racing Kit/roadCurvedSplit.fbx using Guid(44dddf9060cb3b542902b62ad1aa01d2) Importer(815301076,1909f56bfc062723c751e8b465ee728b)  -> (artifact id: '98d34f727318e4101f5219243bbd6647') in 0.046495 seconds 
========================================================================
Received Import Request.
  Time since last request: 2.014503 seconds.
  path: Assets/_Udemy Racer Assets/Models/Kenney/Racing Kit/roadRampLong.fbx
  artifactKey: Guid(460f9a8c60f9f3c48bf47ba1cc3f8e08) Importer(815301076,1909f56bfc062723c751e8b465ee728b)
Start importing Assets/_Udemy Racer Assets/Models/Kenney/Racing Kit/roadRampLong.fbx using Guid(460f9a8c60f9f3c48bf47ba1cc3f8e08) Importer(815301076,1909f56bfc062723c751e8b465ee728b)  -> (artifact id: '0b6f4bf7947b52efe3ca7b7391f61dfa') in 0.042026 seconds 
========================================================================
Received Import Request.
  Time since last request: 0.000020 seconds.
  path: Assets/_Udemy Racer Assets/Models/Kenney/Racing Kit/roadSplit.fbx
  artifactKey: Guid(9ec1ab11fb13bdd489ef161eb1949b7e) Importer(815301076,1909f56bfc062723c751e8b465ee728b)
Start importing Assets/_Udemy Racer Assets/Models/Kenney/Racing Kit/roadSplit.fbx using Guid(9ec1ab11fb13bdd489ef161eb1949b7e) Importer(815301076,1909f56bfc062723c751e8b465ee728b)  -> (artifact id: 'e8a04679f5442c3d3e3c780e926d4eb7') in 0.037724 seconds 
========================================================================
Received Import Request.
  Time since last request: 0.000029 seconds.
  path: Assets/_Udemy Racer Assets/Models/Kenney/Racing Kit/roadStraight.fbx
  artifactKey: Guid(4243275ff5130a5438ef97223ee76672) Importer(815301076,1909f56bfc062723c751e8b465ee728b)
Start importing Assets/_Udemy Racer Assets/Models/Kenney/Racing Kit/roadStraight.fbx using Guid(4243275ff5130a5438ef97223ee76672) Importer(815301076,1909f56bfc062723c751e8b465ee728b)  -> (artifact id: '82eb972c60464c9a9ce0adf11845febf') in 0.034544 seconds 
========================================================================
Received Import Request.
  Time since last request: 0.000017 seconds.
  path: Assets/_Udemy Racer Assets/Models/Kenney/Racing Kit/roadRampLongCurvedWall.fbx
  artifactKey: Guid(b292608fff7db0c4290f0926d258b3c0) Importer(815301076,1909f56bfc062723c751e8b465ee728b)
Start importing Assets/_Udemy Racer Assets/Models/Kenney/Racing Kit/roadRampLongCurvedWall.fbx using Guid(b292608fff7db0c4290f0926d258b3c0) Importer(815301076,1909f56bfc062723c751e8b465ee728b)  -> (artifact id: 'ee6d51dd9ad8d3b4c4b7bce69231b815') in 0.051389 seconds 
========================================================================
Received Import Request.
  Time since last request: 0.000020 seconds.
  path: Assets/_Udemy Racer Assets/Models/Kenney/Racing Kit/tentLong.fbx
  artifactKey: Guid(19eb5792088e59547a41482c433e347e) Importer(815301076,1909f56bfc062723c751e8b465ee728b)
Start importing Assets/_Udemy Racer Assets/Models/Kenney/Racing Kit/tentLong.fbx using Guid(19eb5792088e59547a41482c433e347e) Importer(815301076,1909f56bfc062723c751e8b465ee728b)  -> (artifact id: '3a955730900414dd62d4bae5645759e0') in 0.038839 seconds 
========================================================================
Received Import Request.
  Time since last request: 0.000020 seconds.
  path: Assets/_Udemy Racer Assets/Models/Kenney/Racing Kit/roadSplitLarge.fbx
  artifactKey: Guid(8a54326830b16bc44aa1539b1bd8a46f) Importer(815301076,1909f56bfc062723c751e8b465ee728b)
Start importing Assets/_Udemy Racer Assets/Models/Kenney/Racing Kit/roadSplitLarge.fbx using Guid(8a54326830b16bc44aa1539b1bd8a46f) Importer(815301076,1909f56bfc062723c751e8b465ee728b)  -> (artifact id: 'f149b2ec5a482b324d1aca86a9bd3bd7') in 0.044412 seconds 
========================================================================
Received Import Request.
  Time since last request: 0.000046 seconds.
  path: Assets/_Udemy Racer Assets/Models/Kenney/Racing Kit/treeSmall.fbx
  artifactKey: Guid(e6f437e63b29bcc4bb4298386c4864d5) Importer(815301076,1909f56bfc062723c751e8b465ee728b)
Start importing Assets/_Udemy Racer Assets/Models/Kenney/Racing Kit/treeSmall.fbx using Guid(e6f437e63b29bcc4bb4298386c4864d5) Importer(815301076,1909f56bfc062723c751e8b465ee728b)  -> (artifact id: 'ebab57e88516a9492c14e6acc0605310') in 0.032289 seconds 
========================================================================
Received Import Request.
  Time since last request: 0.000023 seconds.
  path: Assets/_Udemy Racer Assets/Models/Kenney/Racing Kit/treeLarge.fbx
  artifactKey: Guid(fe3071a8255f42d448c5feb767a92b57) Importer(815301076,1909f56bfc062723c751e8b465ee728b)
Start importing Assets/_Udemy Racer Assets/Models/Kenney/Racing Kit/treeLarge.fbx using Guid(fe3071a8255f42d448c5feb767a92b57) Importer(815301076,1909f56bfc062723c751e8b465ee728b)  -> (artifact id: '054737999ceb0a1348fb40549c3cf654') in 0.031389 seconds 
========================================================================
Received Import Request.
  Time since last request: 0.000034 seconds.
  path: Assets/_Udemy Racer Assets/Models/Kenney/Racing Kit/roadRampLongWall.fbx
  artifactKey: Guid(eea1b0b99cd36be4aaadd6bf90f1b950) Importer(815301076,1909f56bfc062723c751e8b465ee728b)
Start importing Assets/_Udemy Racer Assets/Models/Kenney/Racing Kit/roadRampLongWall.fbx using Guid(eea1b0b99cd36be4aaadd6bf90f1b950) Importer(815301076,1909f56bfc062723c751e8b465ee728b)  -> (artifact id: 'fd477d703d4d298b4f9c71140324f2d9') in 0.035229 seconds 
========================================================================
Received Import Request.
  Time since last request: 0.000019 seconds.
  path: Assets/_Udemy Racer Assets/Models/Kenney/Racing Kit/roadStraightLongBumpRound.fbx
  artifactKey: Guid(feeb2a30a0157404f9ad29eb6eb077dc) Importer(815301076,1909f56bfc062723c751e8b465ee728b)
Start importing Assets/_Udemy Racer Assets/Models/Kenney/Racing Kit/roadStraightLongBumpRound.fbx using Guid(feeb2a30a0157404f9ad29eb6eb077dc) Importer(815301076,1909f56bfc062723c751e8b465ee728b)  -> (artifact id: 'dff9bff4c20b3c86b0f2620f925073df') in 0.028194 seconds 
========================================================================
Received Import Request.
  Time since last request: 2.579331 seconds.
  path: Assets/_Udemy Racer Assets/Models/Kenney/Car Kit/delivery.fbx
  artifactKey: Guid(1ff1da4ccfbdb3e439cd364c0bfb7348) Importer(815301076,1909f56bfc062723c751e8b465ee728b)
Start importing Assets/_Udemy Racer Assets/Models/Kenney/Car Kit/delivery.fbx using Guid(1ff1da4ccfbdb3e439cd364c0bfb7348) Importer(815301076,1909f56bfc062723c751e8b465ee728b)  -> (artifact id: '277976a0f85e4f0ac390271368ada542') in 0.120201 seconds 
========================================================================
Received Import Request.
  Time since last request: 0.000024 seconds.
  path: Assets/_Udemy Racer Assets/Models/Kenney/Car Kit/police.fbx
  artifactKey: Guid(97521c9a67d7a5f49ba861fba03a65bf) Importer(815301076,1909f56bfc062723c751e8b465ee728b)
Start importing Assets/_Udemy Racer Assets/Models/Kenney/Car Kit/police.fbx using Guid(97521c9a67d7a5f49ba861fba03a65bf) Importer(815301076,1909f56bfc062723c751e8b465ee728b)  -> (artifact id: '7a91d0009093b92a5b1c4fd736abfe9b') in 0.172596 seconds 
========================================================================
Received Import Request.
  Time since last request: 0.000031 seconds.
  path: Assets/_Udemy Racer Assets/Models/Kenney/Car Kit/hatchbackSports.fbx
  artifactKey: Guid(220d21700d7036d44b1a3f44ab1bfbf6) Importer(815301076,1909f56bfc062723c751e8b465ee728b)
Start importing Assets/_Udemy Racer Assets/Models/Kenney/Car Kit/hatchbackSports.fbx using Guid(220d21700d7036d44b1a3f44ab1bfbf6) Importer(815301076,1909f56bfc062723c751e8b465ee728b)  -> (artifact id: '837269d9b98d502a8286d399ccb53a73') in 0.129906 seconds 
========================================================================
Received Import Request.
  Time since last request: 0.000048 seconds.
  path: Assets/_Udemy Racer Assets/Models/Kenney/Car Kit/wheelDark.fbx
  artifactKey: Guid(cb4bade9f1eb0cb439f11ad577813708) Importer(815301076,1909f56bfc062723c751e8b465ee728b)
Start importing Assets/_Udemy Racer Assets/Models/Kenney/Car Kit/wheelDark.fbx using Guid(cb4bade9f1eb0cb439f11ad577813708) Importer(815301076,1909f56bfc062723c751e8b465ee728b)  -> (artifact id: '1ae55c76341302a74ae41fc9267263a2') in 0.030334 seconds 
========================================================================
Received Import Request.
  Time since last request: 0.000028 seconds.
  path: Assets/_Udemy Racer Assets/Models/Kenney/Car Kit/tractorShovel.fbx
  artifactKey: Guid(74fc318ba588d1546aecbc9c493813e2) Importer(815301076,1909f56bfc062723c751e8b465ee728b)
Start importing Assets/_Udemy Racer Assets/Models/Kenney/Car Kit/tractorShovel.fbx using Guid(74fc318ba588d1546aecbc9c493813e2) Importer(815301076,1909f56bfc062723c751e8b465ee728b)  -> (artifact id: 'c755235a83c251793c8101bd267d29ae') in 0.143226 seconds 
========================================================================
Received Import Request.
  Time since last request: 0.000025 seconds.
  path: Assets/_Udemy Racer Assets/Models/Kenney/Car Kit/raceFuture.fbx
  artifactKey: Guid(283ebf0183aa4f64b827fde8ae7174c6) Importer(815301076,1909f56bfc062723c751e8b465ee728b)
Start importing Assets/_Udemy Racer Assets/Models/Kenney/Car Kit/raceFuture.fbx using Guid(283ebf0183aa4f64b827fde8ae7174c6) Importer(815301076,1909f56bfc062723c751e8b465ee728b)  -> (artifact id: '68134d6e0d5fc784bc304b7c64adc56f') in 0.137213 seconds 
========================================================================
Received Import Request.
  Time since last request: 0.000028 seconds.
  path: Assets/_Udemy Racer Assets/Models/Kenney/Car Kit/suv.fbx
  artifactKey: Guid(8d1cc467bb8e8f7448aa15e057d00940) Importer(815301076,1909f56bfc062723c751e8b465ee728b)
Start importing Assets/_Udemy Racer Assets/Models/Kenney/Car Kit/suv.fbx using Guid(8d1cc467bb8e8f7448aa15e057d00940) Importer(815301076,1909f56bfc062723c751e8b465ee728b)  -> (artifact id: '57687728f286d2bbb0091e21b4f53dad') in 0.115663 seconds 
========================================================================
Received Import Request.
  Time since last request: 1.899711 seconds.
  path: Assets/_Udemy Racer Assets/Models/Kenney/Car Kit/wheelRacing.fbx
  artifactKey: Guid(7060ef834c11eeb41bb0fdf9f6e8d3a3) Importer(815301076,1909f56bfc062723c751e8b465ee728b)
Start importing Assets/_Udemy Racer Assets/Models/Kenney/Car Kit/wheelRacing.fbx using Guid(7060ef834c11eeb41bb0fdf9f6e8d3a3) Importer(815301076,1909f56bfc062723c751e8b465ee728b)  -> (artifact id: '4ba1bdad114746d07fb6ea3090262837') in 0.044459 seconds 
========================================================================
Received Import Request.
  Time since last request: 1.000123 seconds.
  path: Assets/_Udemy Racer Assets/Models/Kenney/Car Kit/wheelTruck.fbx
  artifactKey: Guid(aed7b9224a0ed9e4f9a458d259f577b2) Importer(815301076,1909f56bfc062723c751e8b465ee728b)
Start importing Assets/_Udemy Racer Assets/Models/Kenney/Car Kit/wheelTruck.fbx using Guid(aed7b9224a0ed9e4f9a458d259f577b2) Importer(815301076,1909f56bfc062723c751e8b465ee728b)  -> (artifact id: '82e6339c00760b486c6453b83323a410') in 0.034119 seconds 
========================================================================
Received Import Request.
  Time since last request: 165.658244 seconds.
  path: Assets/_Udemy Racer Assets/Art/UI_Panel.png
  artifactKey: Guid(44568f0188212e8458b2d919dd70d601) Importer(815301076,1909f56bfc062723c751e8b465ee728b)
Start importing Assets/_Udemy Racer Assets/Art/UI_Panel.png using Guid(44568f0188212e8458b2d919dd70d601) Importer(815301076,1909f56bfc062723c751e8b465ee728b)  -> (artifact id: '11c3c7b902b61f9f0e3078e951a68cf3') in 0.034600 seconds 
========================================================================
Received Prepare
Registering precompiled user dll's ...
Registered in 0.002285 seconds.
Begin MonoManager ReloadAssembly
Native extension for WindowsStandalone target not found
Refreshing native plugins compatible for Editor in 0.54 ms, found 2 plugins.
Preloading 0 native plugins for Editor in 0.00 ms.
Mono: successfully reloaded assembly
- Completed reload, in  0.781 seconds
Domain Reload Profiling:
	ReloadAssembly (781ms)
		BeginReloadAssembly (116ms)
			ExecutionOrderSort (0ms)
			DisableScriptedObjects (4ms)
			BackupInstance (0ms)
			ReleaseScriptingObjects (0ms)
			CreateAndSetChildDomain (37ms)
		EndReloadAssembly (572ms)
			LoadAssemblies (62ms)
			RebuildTransferFunctionScriptingTraits (0ms)
			SetupTypeCache (152ms)
			ReleaseScriptCaches (1ms)
			RebuildScriptCaches (40ms)
			SetupLoadedEditorAssemblies (284ms)
				LogAssemblyErrors (0ms)
				InitializePlatformSupportModulesInManaged (11ms)
				SetLoadedEditorAssemblies (0ms)
				RefreshPlugins (1ms)
				BeforeProcessingInitializeOnLoad (44ms)
				ProcessInitializeOnLoadAttributes (195ms)
				ProcessInitializeOnLoadMethodAttributes (27ms)
				AfterProcessingInitializeOnLoad (4ms)
				EditorAssembliesLoaded (0ms)
			ExecutionOrderSort2 (0ms)
			AwakeInstancesAfterBackupRestoration (6ms)
Platform modules already initialized, skipping
Refreshing native plugins compatible for Editor in 1.34 ms, found 2 plugins.
Preloading 0 native plugins for Editor in 0.00 ms.
Unloading 1850 Unused Serialized files (Serialized files now loaded: 0)
Unloading 15 unused Assets / (103.2 KB). Loaded Objects now: 2384.
Memory consumption went from 157.0 MB to 156.9 MB.
Total: 2.910200 ms (FindLiveObjects: 0.159500 ms CreateObjectMapping: 0.046900 ms MarkObjects: 2.653500 ms  DeleteObjects: 0.049100 ms)

AssetImportParameters requested are different than current active one (requested -> active):
  custom:video-decoder-ogg-theora: a1e56fd34408186e4bbccfd4996cb3dc -> 
  custom:container-muxer-webm: aa71ff27fc2769a1b78a27578f13a17b -> 
  custom:container-demuxer-webm: 4f35f7cbe854078d1ac9338744f61a02 -> 
  custom:video-encoder-webm-vp8: eb34c28f22e8b96e1ab97ce403110664 -> 
  custom:video-codec-MediaFoundation-h265: 746d11721c4dcdbdad8f713fa42b33f4 -> 
  custom:audio-encoder-webm-vorbis: bf7c407c2cedff20999df2af8eb42d56 -> 
  custom:framework-win-MediaFoundation: 216162199b28c13a410421893ffa2e32 -> 
  custom:container-demuxer-ogg: 62fdf1f143b41e24485cea50d1cbac27 -> 
  custom:video-decoder-webm-vp8: 9c59270c3fd7afecdb556c50c9e8de78 -> 
  custom:audio-decoder-ogg-vorbis: bf7c407c2cedff20999df2af8eb42d56 -> 
========================================================================
Received Prepare
Registering precompiled user dll's ...
Registered in 0.002327 seconds.
Begin MonoManager ReloadAssembly
Native extension for WindowsStandalone target not found
Refreshing native plugins compatible for Editor in 0.59 ms, found 2 plugins.
Preloading 0 native plugins for Editor in 0.00 ms.
Mono: successfully reloaded assembly
- Completed reload, in  0.770 seconds
Domain Reload Profiling:
	ReloadAssembly (771ms)
		BeginReloadAssembly (112ms)
			ExecutionOrderSort (0ms)
			DisableScriptedObjects (4ms)
			BackupInstance (0ms)
			ReleaseScriptingObjects (0ms)
			CreateAndSetChildDomain (33ms)
		EndReloadAssembly (577ms)
			LoadAssemblies (62ms)
			RebuildTransferFunctionScriptingTraits (0ms)
			SetupTypeCache (150ms)
			ReleaseScriptCaches (1ms)
			RebuildScriptCaches (42ms)
			SetupLoadedEditorAssemblies (292ms)
				LogAssemblyErrors (0ms)
				InitializePlatformSupportModulesInManaged (13ms)
				SetLoadedEditorAssemblies (0ms)
				RefreshPlugins (1ms)
				BeforeProcessingInitializeOnLoad (47ms)
				ProcessInitializeOnLoadAttributes (193ms)
				ProcessInitializeOnLoadMethodAttributes (32ms)
				AfterProcessingInitializeOnLoad (5ms)
				EditorAssembliesLoaded (0ms)
			ExecutionOrderSort2 (0ms)
			AwakeInstancesAfterBackupRestoration (6ms)
Platform modules already initialized, skipping
Refreshing native plugins compatible for Editor in 1.28 ms, found 2 plugins.
Preloading 0 native plugins for Editor in 0.00 ms.
Unloading 1850 Unused Serialized files (Serialized files now loaded: 0)
Unloading 14 unused Assets / (102.5 KB). Loaded Objects now: 2387.
Memory consumption went from 157.1 MB to 157.0 MB.
Total: 2.918800 ms (FindLiveObjects: 0.166600 ms CreateObjectMapping: 0.039500 ms MarkObjects: 2.668500 ms  DeleteObjects: 0.043200 ms)

AssetImportParameters requested are different than current active one (requested -> active):
  custom:video-decoder-ogg-theora: a1e56fd34408186e4bbccfd4996cb3dc -> 
  custom:container-muxer-webm: aa71ff27fc2769a1b78a27578f13a17b -> 
  custom:container-demuxer-webm: 4f35f7cbe854078d1ac9338744f61a02 -> 
  custom:video-encoder-webm-vp8: eb34c28f22e8b96e1ab97ce403110664 -> 
  custom:video-codec-MediaFoundation-h265: 746d11721c4dcdbdad8f713fa42b33f4 -> 
  custom:audio-encoder-webm-vorbis: bf7c407c2cedff20999df2af8eb42d56 -> 
  custom:framework-win-MediaFoundation: 216162199b28c13a410421893ffa2e32 -> 
  custom:container-demuxer-ogg: 62fdf1f143b41e24485cea50d1cbac27 -> 
  custom:video-decoder-webm-vp8: 9c59270c3fd7afecdb556c50c9e8de78 -> 
  custom:audio-decoder-ogg-vorbis: bf7c407c2cedff20999df2af8eb42d56 -> 
========================================================================
Received Prepare
Registering precompiled user dll's ...
Registered in 0.002165 seconds.
Begin MonoManager ReloadAssembly
Native extension for WindowsStandalone target not found
Refreshing native plugins compatible for Editor in 1.10 ms, found 2 plugins.
Preloading 0 native plugins for Editor in 0.00 ms.
Mono: successfully reloaded assembly
- Completed reload, in  0.751 seconds
Domain Reload Profiling:
	ReloadAssembly (752ms)
		BeginReloadAssembly (108ms)
			ExecutionOrderSort (0ms)
			DisableScriptedObjects (4ms)
			BackupInstance (0ms)
			ReleaseScriptingObjects (0ms)
			CreateAndSetChildDomain (33ms)
		EndReloadAssembly (560ms)
			LoadAssemblies (61ms)
			RebuildTransferFunctionScriptingTraits (0ms)
			SetupTypeCache (144ms)
			ReleaseScriptCaches (1ms)
			RebuildScriptCaches (37ms)
			SetupLoadedEditorAssemblies (281ms)
				LogAssemblyErrors (0ms)
				InitializePlatformSupportModulesInManaged (11ms)
				SetLoadedEditorAssemblies (1ms)
				RefreshPlugins (1ms)
				BeforeProcessingInitializeOnLoad (45ms)
				ProcessInitializeOnLoadAttributes (187ms)
				ProcessInitializeOnLoadMethodAttributes (32ms)
				AfterProcessingInitializeOnLoad (4ms)
				EditorAssembliesLoaded (0ms)
			ExecutionOrderSort2 (0ms)
			AwakeInstancesAfterBackupRestoration (5ms)
Platform modules already initialized, skipping
Refreshing native plugins compatible for Editor in 1.51 ms, found 2 plugins.
Preloading 0 native plugins for Editor in 0.00 ms.
Unloading 1850 Unused Serialized files (Serialized files now loaded: 0)
Unloading 14 unused Assets / (102.5 KB). Loaded Objects now: 2390.
Memory consumption went from 157.1 MB to 157.0 MB.
Total: 4.262200 ms (FindLiveObjects: 0.165600 ms CreateObjectMapping: 0.085700 ms MarkObjects: 3.966900 ms  DeleteObjects: 0.042800 ms)

AssetImportParameters requested are different than current active one (requested -> active):
  custom:video-decoder-ogg-theora: a1e56fd34408186e4bbccfd4996cb3dc -> 
  custom:container-muxer-webm: aa71ff27fc2769a1b78a27578f13a17b -> 
  custom:container-demuxer-webm: 4f35f7cbe854078d1ac9338744f61a02 -> 
  custom:video-encoder-webm-vp8: eb34c28f22e8b96e1ab97ce403110664 -> 
  custom:video-codec-MediaFoundation-h265: 746d11721c4dcdbdad8f713fa42b33f4 -> 
  custom:audio-encoder-webm-vorbis: bf7c407c2cedff20999df2af8eb42d56 -> 
  custom:framework-win-MediaFoundation: 216162199b28c13a410421893ffa2e32 -> 
  custom:container-demuxer-ogg: 62fdf1f143b41e24485cea50d1cbac27 -> 
  custom:video-decoder-webm-vp8: 9c59270c3fd7afecdb556c50c9e8de78 -> 
  custom:audio-decoder-ogg-vorbis: bf7c407c2cedff20999df2af8eb42d56 -> 
========================================================================
Received Import Request.
  Time since last request: 740.516195 seconds.
  path: Assets/_Udemy Racer Assets/Materials/Desert Top.mat
  artifactKey: Guid(104a416fe1838b44f90c499251ee6e7d) Importer(815301076,1909f56bfc062723c751e8b465ee728b)
Start importing Assets/_Udemy Racer Assets/Materials/Desert Top.mat using Guid(104a416fe1838b44f90c499251ee6e7d) Importer(815301076,1909f56bfc062723c751e8b465ee728b)  -> (artifact id: 'bb70fcd84ccaed44872606ccb56cc2bf') in 0.080477 seconds 
========================================================================
Received Import Request.
  Time since last request: 0.000019 seconds.
  path: Assets/_Udemy Racer Assets/Materials/Desert.mat
  artifactKey: Guid(306f5c813dbd4fb489c5062dc0e04f42) Importer(815301076,1909f56bfc062723c751e8b465ee728b)
Start importing Assets/_Udemy Racer Assets/Materials/Desert.mat using Guid(306f5c813dbd4fb489c5062dc0e04f42) Importer(815301076,1909f56bfc062723c751e8b465ee728b)  -> (artifact id: '4c2b29dec037305c007867563fa1c813') in 0.010066 seconds 
Editor requested this worker to shutdown with reason: Scaling down because of idle timeout
AssetImportWorker is now disconnected from the server
Process exiting
Exiting without the bug reporter. Application will terminate with return code 0